#
# There is insufficient memory for the Java Runtime Environment to continue.
# Cannot create GC thread. Out of system resources.
# Possible reasons:
#   The system is out of physical RAM or swap space
#   In 32 bit mode, the process size limit was hit
# Possible solutions:
#   Reduce memory load on the system
#   Increase physical memory or swap space
#   Check if swap backing store is full
#   Use 64 bit Java on a 64 bit OS
#   Decrease Java heap size (-Xmx/-Xms)
#   Decrease number of Java threads
#   Decrease Java thread stack sizes (-Xss)
#   Set larger code cache with -XX:ReservedCodeCacheSize=
# This output file may be truncated or incomplete.
#
#  Out of Memory Error (gcTaskThread.cpp:48), pid=1128, tid=0x00007ff4e2103700
#
# JRE version:  (8.0_112-b15) (build )
# Java VM: Java HotSpot(TM) 64-Bit Server VM (25.112-b15 mixed mode linux-amd64 compressed oops)
# Failed to write core dump. Core dumps have been disabled. To enable core dumping, try "ulimit -c unlimited" before starting Java again
#

---------------  T H R E A D  ---------------

Current thread (0x0000000001928000):  JavaThread "Unknown thread" [_thread_in_vm, id=1128, stack(0x00007ffc0e36f000,0x00007ffc0e46f000)]

Stack: [0x00007ffc0e36f000,0x00007ffc0e46f000],  sp=0x00007ffc0e468f60,  free space=999k
Native frames: (J=compiled Java code, j=interpreted, Vv=VM code, C=native code)
V  [libjvm.so+0xac6f7a]  VMError::report_and_die()+0x2ba
V  [libjvm.so+0x4fc71b]  report_vm_out_of_memory(char const*, int, unsigned long, VMErrorType, char const*)+0x8b
V  [libjvm.so+0x5d78ff]  GCTaskThread::GCTaskThread(GCTaskManager*, unsigned int, unsigned int)+0x15f
V  [libjvm.so+0x5d66bb]  GCTaskManager::initialize()+0x3ab
V  [libjvm.so+0x9472fd]  ParallelScavengeHeap::initialize()+0x34d
V  [libjvm.so+0xa8f0a3]  Universe::initialize_heap()+0xf3
V  [libjvm.so+0xa8f60e]  universe_init()+0x3e
V  [libjvm.so+0x63d385]  init_globals()+0x65
V  [libjvm.so+0xa72cfe]  Threads::create_vm(JavaVMInitArgs*, bool*)+0x23e
V  [libjvm.so+0x6d1c24]  JNI_CreateJavaVM+0x74
C  [libjli.so+0x745e]  JavaMain+0x9e
C  [libjli.so+0xb223]  ContinueInNewThread0+0x63
C  [libjli.so+0x697a]  ContinueInNewThread+0x7a
C  [libjli.so+0x99f8]  JLI_Launch+0x798
C  [java+0x696]  JLI_Launch@@SUNWprivate_1.1+0x696
C  [libc.so.6+0x1ed1d]  __libc_start_main+0xfd


---------------  P R O C E S S  ---------------

Java Threads: ( => current thread )

Other Threads:

=>0x0000000001928000 (exited) JavaThread "Unknown thread" [_thread_in_vm, id=1128, stack(0x00007ffc0e36f000,0x00007ffc0e46f000)]

VM state:not at safepoint (not fully initialized)

VM Mutex/Monitor currently owned by a thread: None

GC Heap History (0 events):
No events

Deoptimization events (0 events):
No events

Internal exceptions (0 events):
No events

Events (0 events):
No events


Dynamic libraries:
00400000-00401000 r-xp 00000000 08:01 1202098                            /usr/java/jdk1.8.0_112/bin/java
00600000-00601000 rw-p 00000000 08:01 1202098                            /usr/java/jdk1.8.0_112/bin/java
0191f000-01962000 rw-p 00000000 00:00 0                                  [heap]
6c7600000-6d1d00000 rw-p 00000000 00:00 0 
6d1d00000-76d200000 ---p 00000000 00:00 0 
76d200000-772500000 rw-p 00000000 00:00 0 
772500000-7c0000000 ---p 00000000 00:00 0 
7ff4cf74b000-7ff4cfa26000 rw-p 00000000 00:00 0 
7ff4cfa26000-7ff4cff00000 ---p 00000000 00:00 0 
7ff4cff00000-7ff4cff54000 rw-p 00000000 00:00 0 
7ff4cff54000-7ff4d042e000 ---p 00000000 00:00 0 
7ff4d042e000-7ff4d0458000 rw-p 00000000 00:00 0 
7ff4d0458000-7ff4d06c5000 ---p 00000000 00:00 0 
7ff4d06c5000-7ff4d06d0000 rw-p 00000000 00:00 0 
7ff4d06d0000-7ff4d0a86000 ---p 00000000 00:00 0 
7ff4d0a86000-7ff4d0cf6000 rwxp 00000000 00:00 0 
7ff4d0cf6000-7ff4dfa86000 ---p 00000000 00:00 0 
7ff4dfa86000-7ff4dfaa0000 r-xp 00000000 08:01 1202286                    /usr/java/jdk1.8.0_112/jre/lib/amd64/libzip.so
7ff4dfaa0000-7ff4dfca0000 ---p 0001a000 08:01 1202286                    /usr/java/jdk1.8.0_112/jre/lib/amd64/libzip.so
7ff4dfca0000-7ff4dfca1000 rw-p 0001a000 08:01 1202286                    /usr/java/jdk1.8.0_112/jre/lib/amd64/libzip.so
7ff4dfca1000-7ff4dfccc000 r-xp 00000000 08:01 1202250                    /usr/java/jdk1.8.0_112/jre/lib/amd64/libjava.so
7ff4dfccc000-7ff4dfecb000 ---p 0002b000 08:01 1202250                    /usr/java/jdk1.8.0_112/jre/lib/amd64/libjava.so
7ff4dfecb000-7ff4dfecd000 rw-p 0002a000 08:01 1202250                    /usr/java/jdk1.8.0_112/jre/lib/amd64/libjava.so
7ff4dfecd000-7ff4dfeda000 r-xp 00000000 08:01 1202285                    /usr/java/jdk1.8.0_112/jre/lib/amd64/libverify.so
7ff4dfeda000-7ff4e00d9000 ---p 0000d000 08:01 1202285                    /usr/java/jdk1.8.0_112/jre/lib/amd64/libverify.so
7ff4e00d9000-7ff4e00db000 rw-p 0000c000 08:01 1202285                    /usr/java/jdk1.8.0_112/jre/lib/amd64/libverify.so
7ff4e00db000-7ff4e00e2000 r-xp 00000000 08:01 2106964                    /lib64/librt-2.12.so
7ff4e00e2000-7ff4e02e1000 ---p 00007000 08:01 2106964                    /lib64/librt-2.12.so
7ff4e02e1000-7ff4e02e2000 r--p 00006000 08:01 2106964                    /lib64/librt-2.12.so
7ff4e02e2000-7ff4e02e3000 rw-p 00007000 08:01 2106964                    /lib64/librt-2.12.so
7ff4e02e3000-7ff4e0366000 r-xp 00000000 08:01 2104704                    /lib64/libm-2.12.so
7ff4e0366000-7ff4e0565000 ---p 00083000 08:01 2104704                    /lib64/libm-2.12.so
7ff4e0565000-7ff4e0566000 r--p 00082000 08:01 2104704                    /lib64/libm-2.12.so
7ff4e0566000-7ff4e0567000 rw-p 00083000 08:01 2104704                    /lib64/libm-2.12.so
7ff4e0567000-7ff4e1235000 r-xp 00000000 08:01 1202290                    /usr/java/jdk1.8.0_112/jre/lib/amd64/server/libjvm.so
7ff4e1235000-7ff4e1435000 ---p 00cce000 08:01 1202290                    /usr/java/jdk1.8.0_112/jre/lib/amd64/server/libjvm.so
7ff4e1435000-7ff4e150e000 rw-p 00cce000 08:01 1202290                    /usr/java/jdk1.8.0_112/jre/lib/amd64/server/libjvm.so
7ff4e150e000-7ff4e1559000 rw-p 00000000 00:00 0 
7ff4e1559000-7ff4e16e3000 r-xp 00000000 08:01 2098443                    /lib64/libc-2.12.so
7ff4e16e3000-7ff4e18e3000 ---p 0018a000 08:01 2098443                    /lib64/libc-2.12.so
7ff4e18e3000-7ff4e18e7000 r--p 0018a000 08:01 2098443                    /lib64/libc-2.12.so
7ff4e18e7000-7ff4e18e9000 rw-p 0018e000 08:01 2098443                    /lib64/libc-2.12.so
7ff4e18e9000-7ff4e18ed000 rw-p 00000000 00:00 0 
7ff4e18ed000-7ff4e18ef000 r-xp 00000000 08:01 2099655                    /lib64/libdl-2.12.so
7ff4e18ef000-7ff4e1aef000 ---p 00002000 08:01 2099655                    /lib64/libdl-2.12.so
7ff4e1aef000-7ff4e1af0000 r--p 00002000 08:01 2099655                    /lib64/libdl-2.12.so
7ff4e1af0000-7ff4e1af1000 rw-p 00003000 08:01 2099655                    /lib64/libdl-2.12.so
7ff4e1af1000-7ff4e1b06000 r-xp 00000000 08:01 1202561                    /usr/java/jdk1.8.0_112/lib/amd64/jli/libjli.so
7ff4e1b06000-7ff4e1d06000 ---p 00015000 08:01 1202561                    /usr/java/jdk1.8.0_112/lib/amd64/jli/libjli.so
7ff4e1d06000-7ff4e1d07000 rw-p 00015000 08:01 1202561                    /usr/java/jdk1.8.0_112/lib/amd64/jli/libjli.so
7ff4e1d07000-7ff4e1d1e000 r-xp 00000000 08:01 2099360                    /lib64/libpthread-2.12.so
7ff4e1d1e000-7ff4e1f1e000 ---p 00017000 08:01 2099360                    /lib64/libpthread-2.12.so
7ff4e1f1e000-7ff4e1f1f000 r--p 00017000 08:01 2099360                    /lib64/libpthread-2.12.so
7ff4e1f1f000-7ff4e1f20000 rw-p 00018000 08:01 2099360                    /lib64/libpthread-2.12.so
7ff4e1f20000-7ff4e1f24000 rw-p 00000000 00:00 0 
7ff4e1f24000-7ff4e1f44000 r-xp 00000000 08:01 2099126                    /lib64/ld-2.12.so
7ff4e1ff9000-7ff4e2001000 rw-s 00000000 00:13 58542489                   /tmp/hsperfdata_isi3/1128
7ff4e2001000-7ff4e2002000 ---p 00000000 00:00 0 
7ff4e2002000-7ff4e2106000 rw-p 00000000 00:00 0 
7ff4e2108000-7ff4e210b000 rw-p 00000000 00:00 0 
7ff4e210b000-7ff4e2140000 r--s 00000000 08:06 4304                       /var/db/nscd/passwd
7ff4e2140000-7ff4e2141000 rw-p 00000000 00:00 0 
7ff4e2141000-7ff4e2142000 r--p 00000000 00:00 0 
7ff4e2142000-7ff4e2143000 rw-p 00000000 00:00 0 
7ff4e2143000-7ff4e2144000 r--p 0001f000 08:01 2099126                    /lib64/ld-2.12.so
7ff4e2144000-7ff4e2145000 rw-p 00020000 08:01 2099126                    /lib64/ld-2.12.so
7ff4e2145000-7ff4e2146000 rw-p 00000000 00:00 0 
7ffc0e36f000-7ffc0e372000 ---p 00000000 00:00 0 
7ffc0e373000-7ffc0e46f000 rw-p 00000000 00:00 0                          [stack]
7ffc0e5c7000-7ffc0e5c8000 r-xp 00000000 00:00 0                          [vdso]
ffffffffff600000-ffffffffff601000 r-xp 00000000 00:00 0                  [vsyscall]

VM Arguments:
jvm_args: -Dfile.encoding=UTF-8 
java_command: SD2.Lab1.SupportSystem
java_class_path (initial): /home/isi3/workspace_10/SD/bin:/home/isi3/eclipse/plugins/org.junit_4.12.0.v201504281640/junit.jar:/home/isi3/eclipse/plugins/org.hamcrest.core_1.3.0.v201303031735.jar
Launcher Type: SUN_STANDARD

Environment Variables:
PATH=/opt/mono/bin:/home/isi3/bin/:/home/isi3/ns-allinone-2.35/nam-1.12/:/home/isi3/ns-allinone-2.35/bin:/opt/texlive/current/bin/x86_64-linux:/opt/mono/bin:/opt/AMDAPP/bin:/usr/local/bin:/opt/trinity/bin:/usr/bin:/bin:/usr/local/sbin:/usr/sbin:/sbin:/opt/ns235/bin:/usr/trinity-compat/bin:/usr/hosts:/home/isi3/ns-allinone-2.35/tcl8.5.10/unix:/home/isi3/ns-allinone-2.35/tk8.5.10/unix:/usr/trinity-compat/bin
LD_LIBRARY_PATH=/usr/lib64/nx/X11/Xinerama:/usr/lib64/nx/X11
SHELL=/bin/bash
DISPLAY=:50

Signal Handlers:
SIGSEGV: [libjvm.so+0xac7800], sa_mask[0]=11111111011111111101111111111110, sa_flags=SA_RESTART|SA_SIGINFO
SIGBUS: [libjvm.so+0xac7800], sa_mask[0]=11111111011111111101111111111110, sa_flags=SA_RESTART|SA_SIGINFO
SIGFPE: [libjvm.so+0x920990], sa_mask[0]=11111111011111111101111111111110, sa_flags=SA_RESTART|SA_SIGINFO
SIGPIPE: [libjvm.so+0x920990], sa_mask[0]=11111111011111111101111111111110, sa_flags=SA_RESTART|SA_SIGINFO
SIGXFSZ: [libjvm.so+0x920990], sa_mask[0]=11111111011111111101111111111110, sa_flags=SA_RESTART|SA_SIGINFO
SIGILL: [libjvm.so+0x920990], sa_mask[0]=11111111011111111101111111111110, sa_flags=SA_RESTART|SA_SIGINFO
SIGUSR1: SIG_DFL, sa_mask[0]=00000000000000000000000000000000, sa_flags=none
SIGUSR2: [libjvm.so+0x9221d0], sa_mask[0]=00100000000000000000000000000000, sa_flags=SA_RESTART|SA_SIGINFO
SIGHUP: SIG_DFL, sa_mask[0]=00000000000000000000000000000000, sa_flags=none
SIGINT: SIG_DFL, sa_mask[0]=00000000000000000000000000000000, sa_flags=none
SIGTERM: SIG_DFL, sa_mask[0]=00000000000000000000000000000000, sa_flags=none
SIGQUIT: SIG_DFL, sa_mask[0]=00000000000000000000000000000000, sa_flags=none


---------------  S Y S T E M  ---------------

OS:CentOS release 6.8 (Final)

uname:Linux 2.6.32-642.13.1.el6.x86_64 #1 SMP Wed Jan 11 20:56:24 UTC 2017 x86_64
libc:glibc 2.12 NPTL 2.12 
rlimit: STACK 10240k, CORE 0k, NPROC 1024, NOFILE 100000, AS infinity
load average:0.92 1.01 1.05

/proc/meminfo:
MemTotal:       16290996 kB
MemFree:          258852 kB
Buffers:         5968536 kB
Cached:          2737580 kB
SwapCached:         1420 kB
Active:          8269116 kB
Inactive:        5785712 kB
Active(anon):    4205324 kB
Inactive(anon):  1162724 kB
Active(file):    4063792 kB
Inactive(file):  4622988 kB
Unevictable:          32 kB
Mlocked:              32 kB
SwapTotal:      16787888 kB
SwapFree:       16781092 kB
Dirty:               116 kB
Writeback:             0 kB
AnonPages:       5348076 kB
Mapped:           183088 kB
Shmem:             19336 kB
Slab:            1746308 kB
SReclaimable:    1674272 kB
SUnreclaim:        72036 kB
KernelStack:       24848 kB
PageTables:        59960 kB
NFS_Unstable:          0 kB
Bounce:                0 kB
WritebackTmp:          0 kB
CommitLimit:    24933384 kB
Committed_AS:   20699548 kB
VmallocTotal:   34359738367 kB
VmallocUsed:      333824 kB
VmallocChunk:   34359378636 kB
HardwareCorrupted:     0 kB
AnonHugePages:   4239360 kB
HugePages_Total:       0
HugePages_Free:        0
HugePages_Rsvd:        0
HugePages_Surp:        0
Hugepagesize:       2048 kB
DirectMap4k:        6144 kB
DirectMap2M:    16730112 kB


CPU:total 8 (4 cores per cpu, 2 threads per core) family 6 model 42 stepping 7, cmov, cx8, fxsr, mmx, sse, sse2, sse3, ssse3, sse4.1, sse4.2, popcnt, avx, aes, clmul, ht, tsc, tscinvbit

/proc/cpuinfo:
processor	: 0
vendor_id	: GenuineIntel
cpu family	: 6
model		: 42
model name	: Intel(R) Core(TM) i7-2600 CPU @ 3.40GHz
stepping	: 7
microcode	: 41
cpu MHz		: 3401.000
cache size	: 8192 KB
physical id	: 0
siblings	: 8
core id		: 0
cpu cores	: 4
apicid		: 0
initial apicid	: 0
fpu		: yes
fpu_exception	: yes
cpuid level	: 13
wp		: yes
flags		: fpu vme de pse tsc msr pae mce cx8 apic sep mtrr pge mca cmov pat pse36 clflush dts acpi mmx fxsr sse sse2 ss ht tm pbe syscall nx rdtscp lm constant_tsc arch_perfmon pebs bts rep_good xtopology nonstop_tsc aperfmperf pni pclmulqdq dtes64 monitor ds_cpl vmx smx est tm2 ssse3 cx16 xtpr pdcm pcid sse4_1 sse4_2 x2apic popcnt tsc_deadline_timer aes xsave avx lahf_lm ida arat epb xsaveopt pln pts dtherm tpr_shadow vnmi flexpriority ept vpid
bogomips	: 6781.48
clflush size	: 64
cache_alignment	: 64
address sizes	: 36 bits physical, 48 bits virtual
power management:

processor	: 1
vendor_id	: GenuineIntel
cpu family	: 6
model		: 42
model name	: Intel(R) Core(TM) i7-2600 CPU @ 3.40GHz
stepping	: 7
microcode	: 41
cpu MHz		: 3401.000
cache size	: 8192 KB
physical id	: 0
siblings	: 8
core id		: 1
cpu cores	: 4
apicid		: 2
initial apicid	: 2
fpu		: yes
fpu_exception	: yes
cpuid level	: 13
wp		: yes
flags		: fpu vme de pse tsc msr pae mce cx8 apic sep mtrr pge mca cmov pat pse36 clflush dts acpi mmx fxsr sse sse2 ss ht tm pbe syscall nx rdtscp lm constant_tsc arch_perfmon pebs bts rep_good xtopology nonstop_tsc aperfmperf pni pclmulqdq dtes64 monitor ds_cpl vmx smx est tm2 ssse3 cx16 xtpr pdcm pcid sse4_1 sse4_2 x2apic popcnt tsc_deadline_timer aes xsave avx lahf_lm ida arat epb xsaveopt pln pts dtherm tpr_shadow vnmi flexpriority ept vpid
bogomips	: 6781.48
clflush size	: 64
cache_alignment	: 64
address sizes	: 36 bits physical, 48 bits virtual
power management:

processor	: 2
vendor_id	: GenuineIntel
cpu family	: 6
model		: 42
model name	: Intel(R) Core(TM) i7-2600 CPU @ 3.40GHz
stepping	: 7
microcode	: 41
cpu MHz		: 1600.000
cache size	: 8192 KB
physical id	: 0
siblings	: 8
core id		: 2
cpu cores	: 4
apicid		: 4
initial apicid	: 4
fpu		: yes
fpu_exception	: yes
cpuid level	: 13
wp		: yes
flags		: fpu vme de pse tsc msr pae mce cx8 apic sep mtrr pge mca cmov pat pse36 clflush dts acpi mmx fxsr sse sse2 ss ht tm pbe syscall nx rdtscp lm constant_tsc arch_perfmon pebs bts rep_good xtopology nonstop_tsc aperfmperf pni pclmulqdq dtes64 monitor ds_cpl vmx smx est tm2 ssse3 cx16 xtpr pdcm pcid sse4_1 sse4_2 x2apic popcnt tsc_deadline_timer aes xsave avx lahf_lm ida arat epb xsaveopt pln pts dtherm tpr_shadow vnmi flexpriority ept vpid
bogomips	: 6781.48
clflush size	: 64
cache_alignment	: 64
address sizes	: 36 bits physical, 48 bits virtual
power management:

processor	: 3
vendor_id	: GenuineIntel
cpu family	: 6
model		: 42
model name	: Intel(R) Core(TM) i7-2600 CPU @ 3.40GHz
stepping	: 7
microcode	: 41
cpu MHz		: 1600.000
cache size	: 8192 KB
physical id	: 0
siblings	: 8
core id		: 3
cpu cores	: 4
apicid		: 6
initial apicid	: 6
fpu		: yes
fpu_exception	: yes
cpuid level	: 13
wp		: yes
flags		: fpu vme de pse tsc msr pae mce cx8 apic sep mtrr pge mca cmov pat pse36 clflush dts acpi mmx fxsr sse sse2 ss ht tm pbe syscall nx rdtscp lm constant_tsc arch_perfmon pebs bts rep_good xtopology nonstop_tsc aperfmperf pni pclmulqdq dtes64 monitor ds_cpl vmx smx est tm2 ssse3 cx16 xtpr pdcm pcid sse4_1 sse4_2 x2apic popcnt tsc_deadline_timer aes xsave avx lahf_lm ida arat epb xsaveopt pln pts dtherm tpr_shadow vnmi flexpriority ept vpid
bogomips	: 6781.48
clflush size	: 64
cache_alignment	: 64
address sizes	: 36 bits physical, 48 bits virtual
power management:

processor	: 4
vendor_id	: GenuineIntel
cpu family	: 6
model		: 42
model name	: Intel(R) Core(TM) i7-2600 CPU @ 3.40GHz
stepping	: 7
microcode	: 41
cpu MHz		: 1600.000
cache size	: 8192 KB
physical id	: 0
siblings	: 8
core id		: 0
cpu cores	: 4
apicid		: 1
initial apicid	: 1
fpu		: yes
fpu_exception	: yes
cpuid level	: 13
wp		: yes
flags		: fpu vme de pse tsc msr pae mce cx8 apic sep mtrr pge mca cmov pat pse36 clflush dts acpi mmx fxsr sse sse2 ss ht tm pbe syscall nx rdtscp lm constant_tsc arch_perfmon pebs bts rep_good xtopology nonstop_tsc aperfmperf pni pclmulqdq dtes64 monitor ds_cpl vmx smx est tm2 ssse3 cx16 xtpr pdcm pcid sse4_1 sse4_2 x2apic popcnt tsc_deadline_timer aes xsave avx lahf_lm ida arat epb xsaveopt pln pts dtherm tpr_shadow vnmi flexpriority ept vpid
bogomips	: 6781.48
clflush size	: 64
cache_alignment	: 64
address sizes	: 36 bits physical, 48 bits virtual
power management:

processor	: 5
vendor_id	: GenuineIntel
cpu family	: 6
model		: 42
model name	: Intel(R) Core(TM) i7-2600 CPU @ 3.40GHz
stepping	: 7
microcode	: 41
cpu MHz		: 1600.000
cache size	: 8192 KB
physical id	: 0
siblings	: 8
core id		: 1
cpu cores	: 4
apicid		: 3
initial apicid	: 3
fpu		: yes
fpu_exception	: yes
cpuid level	: 13
wp		: yes
flags		: fpu vme de pse tsc msr pae mce cx8 apic sep mtrr pge mca cmov pat pse36 clflush dts acpi mmx fxsr sse sse2 ss ht tm pbe syscall nx rdtscp lm constant_tsc arch_perfmon pebs bts rep_good xtopology nonstop_tsc aperfmperf pni pclmulqdq dtes64 monitor ds_cpl vmx smx est tm2 ssse3 cx16 xtpr pdcm pcid sse4_1 sse4_2 x2apic popcnt tsc_deadline_timer aes xsave avx lahf_lm ida arat epb xsaveopt pln pts dtherm tpr_shadow vnmi flexpriority ept vpid
bogomips	: 6781.48
clflush size	: 64
cache_alignment	: 64
address sizes	: 36 bits physical, 48 bits virtual
power management:

processor	: 6
vendor_id	: GenuineIntel
cpu family	: 6
model		: 42
model name	: Intel(R) Core(TM) i7-2600 CPU @ 3.40GHz
stepping	: 7
microcode	: 41
cpu MHz		: 1600.000
cache size	: 8192 KB
physical id	: 0
siblings	: 8
core id		: 2
cpu cores	: 4
apicid		: 5
initial apicid	: 5
fpu		: yes
fpu_exception	: yes
cpuid level	: 13
wp		: yes
flags		: fpu vme de pse tsc msr pae mce cx8 apic sep mtrr pge mca cmov pat pse36 clflush dts acpi mmx fxsr sse sse2 ss ht tm pbe syscall nx rdtscp lm constant_tsc arch_perfmon pebs bts rep_good xtopology nonstop_tsc aperfmperf pni pclmulqdq dtes64 monitor ds_cpl vmx smx est tm2 ssse3 cx16 xtpr pdcm pcid sse4_1 sse4_2 x2apic popcnt tsc_deadline_timer aes xsave avx lahf_lm ida arat epb xsaveopt pln pts dtherm tpr_shadow vnmi flexpriority ept vpid
bogomips	: 6781.48
clflush size	: 64
cache_alignment	: 64
address sizes	: 36 bits physical, 48 bits virtual
power management:

processor	: 7
vendor_id	: GenuineIntel
cpu family	: 6
model		: 42
model name	: Intel(R) Core(TM) i7-2600 CPU @ 3.40GHz
stepping	: 7
microcode	: 41
cpu MHz		: 3401.000
cache size	: 8192 KB
physical id	: 0
siblings	: 8
core id		: 3
cpu cores	: 4
apicid		: 7
initial apicid	: 7
fpu		: yes
fpu_exception	: yes
cpuid level	: 13
wp		: yes
flags		: fpu vme de pse tsc msr pae mce cx8 apic sep mtrr pge mca cmov pat pse36 clflush dts acpi mmx fxsr sse sse2 ss ht tm pbe syscall nx rdtscp lm constant_tsc arch_perfmon pebs bts rep_good xtopology nonstop_tsc aperfmperf pni pclmulqdq dtes64 monitor ds_cpl vmx smx est tm2 ssse3 cx16 xtpr pdcm pcid sse4_1 sse4_2 x2apic popcnt tsc_deadline_timer aes xsave avx lahf_lm ida arat epb xsaveopt pln pts dtherm tpr_shadow vnmi flexpriority ept vpid
bogomips	: 6781.48
clflush size	: 64
cache_alignment	: 64
address sizes	: 36 bits physical, 48 bits virtual
power management:



Memory: 4k page, physical 16290996k(258852k free), swap 16787888k(16781092k free)

vm_info: Java HotSpot(TM) 64-Bit Server VM (25.112-b15) for linux-amd64 JRE (1.8.0_112-b15), built on Sep 22 2016 21:10:53 by "java_re" with gcc 4.3.0 20080428 (Red Hat 4.3.0-8)

time: Thu Jan 19 17:49:02 2017
elapsed time: 0 seconds (0d 0h 0m 0s)

